{
  "stats": {
    "suites": 1,
    "tests": 2,
    "passes": 2,
    "pending": 0,
    "failures": 0,
    "start": "2021-06-02T06:42:48.458Z",
    "end": "2021-06-02T06:43:00.517Z",
    "duration": 12059,
    "testsRegistered": 2,
    "passPercent": 100,
    "pendingPercent": 0,
    "other": 0,
    "hasOther": false,
    "skipped": 0,
    "hasSkipped": false
  },
  "results": [
    {
      "uuid": "ee1330f6-b0a8-4ec7-b0a9-cba32b4e31ad",
      "title": "",
      "fullFile": "cypress/integration/examples/Simple.spec.js",
      "file": "cypress/integration/examples/Simple.spec.js",
      "beforeHooks": [],
      "afterHooks": [],
      "tests": [],
      "suites": [
        {
          "uuid": "f2c392da-7357-49ef-bd21-0428b8cc3af1",
          "title": "Home Test Page Selenium Easy",
          "fullFile": "",
          "file": "",
          "beforeHooks": [],
          "afterHooks": [],
          "tests": [
            {
              "title": "Go to the Input Forms",
              "fullTitle": "Home Test Page Selenium Easy Go to the Input Forms",
              "timedOut": null,
              "duration": 8786,
              "state": "passed",
              "speed": "slow",
              "pass": true,
              "fail": false,
              "pending": false,
              "context": null,
              "code": "cy.get('#at-cv-lightbox-close').click();\ncy.get('.dropdown-toggle').contains('Input Forms').click();\ncy.get('.open > .dropdown-menu > :nth-child(5) > a').click();",
              "err": {},
              "uuid": "676a7149-46c7-4dbc-a246-2558d1a4e4f9",
              "parentUUID": "f2c392da-7357-49ef-bd21-0428b8cc3af1",
              "isHook": false,
              "skipped": false
            },
            {
              "title": "Fill Input Form & Submit",
              "fullTitle": "Home Test Page Selenium Easy Fill Input Form & Submit",
              "timedOut": null,
              "duration": 3245,
              "state": "passed",
              "speed": "slow",
              "pass": true,
              "fail": false,
              "pending": false,
              "context": null,
              "code": "cy.get('.form-control[placeholder=\"First Name\"]').type('aman');\ncy.get('.form-control[placeholder=\"Last Name\"]').type('jain');\ncy.get('.form-control[placeholder=\"E-Mail Address\"]').type('rahul@gmail.com');\ncy.get('.form-control[placeholder=\"(845)555-1212\"]').type('7894546123');\ncy.get('.form-control[placeholder=\"Address\"]').type('howara kolkata');\ncy.get('.form-control[placeholder=\"city\"]').type('kolkata');\ncy.get('.form-control.selectpicker').select('Hawaii').should('have.value', 'Hawaii');\ncy.get('.form-control[placeholder=\"Zip Code\"]').type('23545');\ncy.get('.form-control[placeholder=\"Project Description\"]').type(' my descripyion is this');\ncy.get(':nth-child(1) > label > input').click();\ncy.get('.btn.btn-default').click();",
              "err": {},
              "uuid": "cf911f50-0af1-46b3-99dd-bd84fe4fc3cb",
              "parentUUID": "f2c392da-7357-49ef-bd21-0428b8cc3af1",
              "isHook": false,
              "skipped": false
            }
          ],
          "suites": [],
          "passes": [
            "676a7149-46c7-4dbc-a246-2558d1a4e4f9",
            "cf911f50-0af1-46b3-99dd-bd84fe4fc3cb"
          ],
          "failures": [],
          "pending": [],
          "skipped": [],
          "duration": 12031,
          "root": false,
          "rootEmpty": false,
          "_timeout": 2000
        }
      ],
      "passes": [],
      "failures": [],
      "pending": [],
      "skipped": [],
      "duration": 0,
      "root": true,
      "rootEmpty": true,
      "_timeout": 2000
    }
  ],
  "meta": {
    "mocha": {
      "version": "7.0.1"
    },
    "mochawesome": {
      "options": {
        "quiet": false,
        "reportFilename": "mochawesome",
        "saveHtml": true,
        "saveJson": true,
        "consoleReporter": "spec",
        "useInlineDiffs": false,
        "code": true
      },
      "version": "6.2.2"
    },
    "marge": {
      "options": null,
      "version": "5.2.0"
    }
  }
}