{
  "stats": {
    "suites": 1,
    "tests": 2,
    "passes": 2,
    "pending": 0,
    "failures": 0,
    "start": "2021-06-03T17:27:34.049Z",
    "end": "2021-06-03T17:28:08.613Z",
    "duration": 34564,
    "testsRegistered": 2,
    "passPercent": 100,
    "pendingPercent": 0,
    "other": 0,
    "hasOther": false,
    "skipped": 0,
    "hasSkipped": false
  },
  "results": [
    {
      "uuid": "93cb546f-7214-4040-9117-e9a9a96e58ec",
      "title": "",
      "fullFile": "cypress/integration/examples/Simple.spec.js",
      "file": "cypress/integration/examples/Simple.spec.js",
      "beforeHooks": [],
      "afterHooks": [],
      "tests": [],
      "suites": [
        {
          "uuid": "13460450-933b-4a5f-8080-b7870938d453",
          "title": "Home Test Page Selenium Easy",
          "fullFile": "",
          "file": "",
          "beforeHooks": [],
          "afterHooks": [],
          "tests": [
            {
              "title": "Go to the Input Forms",
              "fullTitle": "Home Test Page Selenium Easy Go to the Input Forms",
              "timedOut": null,
              "duration": 27547,
              "state": "passed",
              "speed": "slow",
              "pass": true,
              "fail": false,
              "pending": false,
              "context": null,
              "code": "cy.get('#at-cv-lightbox-close').click();\ncy.get('.dropdown-toggle').contains('Input Forms').click();\ncy.get('.open > .dropdown-menu > :nth-child(5) > a').click();",
              "err": {},
              "uuid": "caeaa2ce-c61a-4654-935f-9daf01d76ca3",
              "parentUUID": "13460450-933b-4a5f-8080-b7870938d453",
              "isHook": false,
              "skipped": false
            },
            {
              "title": "Fill Input Form & Submit",
              "fullTitle": "Home Test Page Selenium Easy Fill Input Form & Submit",
              "timedOut": null,
              "duration": 6906,
              "state": "passed",
              "speed": "slow",
              "pass": true,
              "fail": false,
              "pending": false,
              "context": null,
              "code": "cy.get('.form-control[placeholder=\"First Name\"]').type('aman');\ncy.get('.form-control[placeholder=\"Last Name\"]').type('jain');\ncy.get('.form-control[placeholder=\"E-Mail Address\"]').type('rahul@gmail.com');\ncy.get('.form-control[placeholder=\"(845)555-1212\"]').type('7894546123');\ncy.get('.form-control[placeholder=\"Address\"]').type('howara kolkata');\ncy.get('.form-control[placeholder=\"city\"]').type('kolkata');\ncy.get('.form-control.selectpicker').select('Hawaii').should('have.value', 'Hawaii');\ncy.get('.form-control[placeholder=\"Zip Code\"]').type('23545');\ncy.get('.form-control[placeholder=\"Project Description\"]').type(' my descripyion is this');\ncy.get(':nth-child(1) > label > input').click();\ncy.get('.btn.btn-default').click();",
              "err": {},
              "uuid": "f99970d9-128b-49b3-b373-ea73f3f2f186",
              "parentUUID": "13460450-933b-4a5f-8080-b7870938d453",
              "isHook": false,
              "skipped": false
            }
          ],
          "suites": [],
          "passes": [
            "caeaa2ce-c61a-4654-935f-9daf01d76ca3",
            "f99970d9-128b-49b3-b373-ea73f3f2f186"
          ],
          "failures": [],
          "pending": [],
          "skipped": [],
          "duration": 34453,
          "root": false,
          "rootEmpty": false,
          "_timeout": 2000
        }
      ],
      "passes": [],
      "failures": [],
      "pending": [],
      "skipped": [],
      "duration": 0,
      "root": true,
      "rootEmpty": true,
      "_timeout": 2000
    }
  ],
  "meta": {
    "mocha": {
      "version": "7.0.1"
    },
    "mochawesome": {
      "options": {
        "quiet": false,
        "reportFilename": "mochawesome",
        "saveHtml": true,
        "saveJson": true,
        "consoleReporter": "spec",
        "useInlineDiffs": false,
        "code": true
      },
      "version": "6.2.2"
    },
    "marge": {
      "options": null,
      "version": "5.2.0"
    }
  }
}